# JRE version: Java(TM) SE Runtime Environment (22.0.2+9) (build 22.0.2+9-70)
# Java VM: Java HotSpot(TM) 64-Bit Server VM (22.0.2+9-70, mixed mode, sharing, tiered, compressed oops, compressed class ptrs, g1 gc, windows-amd64)
GC Precious Log:
 CardTable entry size: 512
 Card Set container configuration: InlinePtr #cards 5 size 8 Array Of Cards #cards 12 size 40 Howl #buckets 4 coarsen threshold 1843 Howl Bitmap #cards 512 size 80 coarsen threshold 460 Card regions per heap region 1 cards per card region 2048
 CPUs: 4 total, 4 available
 Memory: 4002M
 Large Page Support: Disabled
 NUMA Support: Disabled
 Compressed Oops: Enabled (32-bit)
 Heap Region Size: 1M
 Heap Min Capacity: 8M
 Heap Initial Capacity: 64M
 Heap Max Capacity: 1002M
 Pre-touch: Disabled
 Parallel Workers: 4
 Concurrent Workers: 1
 Concurrent Refinement Workers: 4
 Periodic GC: Disabled
Heap:
 garbage-first heap   total reserved 1026048K, committed 84992K, used 55826K [0x00000000c1600000, 0x0000000100000000)
  region size 1024K, 18 young (18432K), 3 survivors (3072K)
 Metaspace       used 86662K, committed 87360K, reserved 1179648K
  class space    used 11766K, committed 12096K, reserved 1048576K
GC Heap History (20 events):
Event: 218.676 GC heap before
{Heap before GC invocations=35 (full 0):
 garbage-first heap   total reserved 1026048K, committed 84992K, used 73061K [0x00000000c1600000, 0x0000000100000000)
  region size 1024K, 39 young (39936K), 5 survivors (5120K)
 Metaspace       used 80256K, committed 81088K, reserved 1179648K
  class space    used 11045K, committed 11392K, reserved 1048576K
}
Event: 218.714 GC heap after
{Heap after GC invocations=36 (full 0):
 garbage-first heap   total reserved 1026048K, committed 84992K, used 41734K [0x00000000c1600000, 0x0000000100000000)
  region size 1024K, 5 young (5120K), 5 survivors (5120K)
 Metaspace       used 80256K, committed 81088K, reserved 1179648K
  class space    used 11045K, committed 11392K, reserved 1048576K
}
Event: 493.283 GC heap before
{Heap before GC invocations=37 (full 0):
 garbage-first heap   total reserved 1026048K, committed 84992K, used 73478K [0x00000000c1600000, 0x0000000100000000)
  region size 1024K, 36 young (36864K), 5 survivors (5120K)
 Metaspace       used 82407K, committed 83264K, reserved 1179648K
  class space    used 11321K, committed 11712K, reserved 1048576K
}
Event: 493.308 GC heap after
{Heap after GC invocations=38 (full 0):
 garbage-first heap   total reserved 1026048K, committed 84992K, used 43124K [0x00000000c1600000, 0x0000000100000000)
  region size 1024K, 4 young (4096K), 4 survivors (4096K)
 Metaspace       used 82407K, committed 83264K, reserved 1179648K
  class space    used 11321K, committed 11712K, reserved 1048576K
}
Event: 530.093 GC heap before
{Heap before GC invocations=38 (full 0):
 garbage-first heap   total reserved 1026048K, committed 84992K, used 73844K [0x00000000c1600000, 0x0000000100000000)
  region size 1024K, 35 young (35840K), 4 survivors (4096K)
 Metaspace       used 85417K, committed 86272K, reserved 1179648K
  class space    used 11727K, committed 12096K, reserved 1048576K
}
Event: 530.126 GC heap after
{Heap after GC invocations=39 (full 0):
 garbage-first heap   total reserved 1026048K, committed 84992K, used 43588K [0x00000000c1600000, 0x0000000100000000)
  region size 1024K, 3 young (3072K), 3 survivors (3072K)
 Metaspace       used 85417K, committed 86272K, reserved 1179648K
  class space    used 11727K, committed 12096K, reserved 1048576K
}
Event: 1236.932 GC heap before
{Heap before GC invocations=39 (full 0):
 garbage-first heap   total reserved 1026048K, committed 84992K, used 75332K [0x00000000c1600000, 0x0000000100000000)
  region size 1024K, 34 young (34816K), 3 survivors (3072K)
 Metaspace       used 85444K, committed 86272K, reserved 1179648K
  class space    used 11727K, committed 12096K, reserved 1048576K
}
Event: 1236.945 GC heap after
{Heap after GC invocations=40 (full 0):
 garbage-first heap   total reserved 1026048K, committed 84992K, used 43081K [0x00000000c1600000, 0x0000000100000000)
  region size 1024K, 2 young (2048K), 2 survivors (2048K)
 Metaspace       used 85444K, committed 86272K, reserved 1179648K
  class space    used 11727K, committed 12096K, reserved 1048576K
}
Event: 1916.021 GC heap before
{Heap before GC invocations=41 (full 0):
 garbage-first heap   total reserved 1026048K, committed 84992K, used 76873K [0x00000000c1600000, 0x0000000100000000)
  region size 1024K, 35 young (35840K), 2 survivors (2048K)
 Metaspace       used 85125K, committed 86336K, reserved 1179648K
  class space    used 11621K, committed 12096K, reserved 1048576K
}
Event: 1916.178 GC heap after
{Heap after GC invocations=42 (full 0):
 garbage-first heap   total reserved 1026048K, committed 84992K, used 43741K [0x00000000c1600000, 0x0000000100000000)
  region size 1024K, 3 young (3072K), 3 survivors (3072K)
 Metaspace       used 85125K, committed 86336K, reserved 1179648K
  class space    used 11621K, committed 12096K, reserved 1048576K
}
Event: 2633.344 GC heap before
{Heap before GC invocations=42 (full 0):
 garbage-first heap   total reserved 1026048K, committed 84992K, used 75485K [0x00000000c1600000, 0x0000000100000000)
  region size 1024K, 34 young (34816K), 3 survivors (3072K)
 Metaspace       used 85131K, committed 86336K, reserved 1179648K
  class space    used 11621K, committed 12096K, reserved 1048576K
}
Event: 2633.497 GC heap after
{Heap after GC invocations=43 (full 0):
 garbage-first heap   total reserved 1026048K, committed 84992K, used 41675K [0x00000000c1600000, 0x0000000100000000)
  region size 1024K, 3 young (3072K), 3 survivors (3072K)
 Metaspace       used 85131K, committed 86336K, reserved 1179648K
  class space    used 11621K, committed 12096K, reserved 1048576K
}
Event: 3389.947 GC heap before
{Heap before GC invocations=43 (full 0):
 garbage-first heap   total reserved 1026048K, committed 84992K, used 75467K [0x00000000c1600000, 0x0000000100000000)
  region size 1024K, 36 young (36864K), 3 survivors (3072K)
 Metaspace       used 85131K, committed 86336K, reserved 1179648K
  class space    used 11621K, committed 12096K, reserved 1048576K
}
Event: 3389.985 GC heap after
{Heap after GC invocations=44 (full 0):
 garbage-first heap   total reserved 1026048K, committed 84992K, used 41665K [0x00000000c1600000, 0x0000000100000000)
  region size 1024K, 3 young (3072K), 3 survivors (3072K)
 Metaspace       used 85131K, committed 86336K, reserved 1179648K
  class space    used 11621K, committed 12096K, reserved 1048576K
}
Event: 4050.317 GC heap before
{Heap before GC invocations=45 (full 0):
 garbage-first heap   total reserved 1026048K, committed 84992K, used 75457K [0x00000000c1600000, 0x0000000100000000)
  region size 1024K, 36 young (36864K), 3 survivors (3072K)
 Metaspace       used 85216K, committed 86464K, reserved 1179648K
  class space    used 11614K, committed 12096K, reserved 1048576K
}
Event: 4050.331 GC heap after
{Heap after GC invocations=46 (full 0):
 garbage-first heap   total reserved 1026048K, committed 84992K, used 41894K [0x00000000c1600000, 0x0000000100000000)
  region size 1024K, 3 young (3072K), 3 survivors (3072K)
 Metaspace       used 85216K, committed 86464K, reserved 1179648K
  class space    used 11614K, committed 12096K, reserved 1048576K
}
Event: 4793.504 GC heap before
{Heap before GC invocations=46 (full 0):
 garbage-first heap   total reserved 1026048K, committed 84992K, used 74662K [0x00000000c1600000, 0x0000000100000000)
  region size 1024K, 36 young (36864K), 3 survivors (3072K)
 Metaspace       used 85220K, committed 86464K, reserved 1179648K
  class space    used 11614K, committed 12096K, reserved 1048576K
}
Event: 4793.533 GC heap after
{Heap after GC invocations=47 (full 0):
 garbage-first heap   total reserved 1026048K, committed 84992K, used 40570K [0x00000000c1600000, 0x0000000100000000)
  region size 1024K, 3 young (3072K), 3 survivors (3072K)
 Metaspace       used 85220K, committed 86464K, reserved 1179648K
  class space    used 11614K, committed 12096K, reserved 1048576K
}
Event: 5231.284 GC heap before
{Heap before GC invocations=47 (full 0):
 garbage-first heap   total reserved 1026048K, committed 84992K, used 74362K [0x00000000c1600000, 0x0000000100000000)
  region size 1024K, 37 young (37888K), 3 survivors (3072K)
 Metaspace       used 86250K, committed 86976K, reserved 1179648K
  class space    used 11717K, committed 12096K, reserved 1048576K
}
Event: 5231.306 GC heap after
{Heap after GC invocations=48 (full 0):
 garbage-first heap   total reserved 1026048K, committed 84992K, used 41490K [0x00000000c1600000, 0x0000000100000000)
  region size 1024K, 3 young (3072K), 3 survivors (3072K)
 Metaspace       used 86250K, committed 86976K, reserved 1179648K
  class space    used 11717K, committed 12096K, reserved 1048576K
}

