# JRE version: Java(TM) SE Runtime Environment (22.0.2+9) (build 22.0.2+9-70)
# Java VM: Java HotSpot(TM) 64-Bit Server VM (22.0.2+9-70, mixed mode, sharing, tiered, compressed oops, compressed class ptrs, g1 gc, windows-amd64)
GC Precious Log:
 CardTable entry size: 512
 Card Set container configuration: InlinePtr #cards 5 size 8 Array Of Cards #cards 12 size 40 Howl #buckets 4 coarsen threshold 1843 Howl Bitmap #cards 512 size 80 coarsen threshold 460 Card regions per heap region 1 cards per card region 2048
 CPUs: 4 total, 4 available
 Memory: 4002M
 Large Page Support: Disabled
 NUMA Support: Disabled
 Compressed Oops: Enabled (32-bit)
 Heap Region Size: 1M
 Heap Min Capacity: 8M
 Heap Initial Capacity: 64M
 Heap Max Capacity: 1002M
 Pre-touch: Disabled
 Parallel Workers: 4
 Concurrent Workers: 1
 Concurrent Refinement Workers: 4
 Periodic GC: Disabled
Heap:
 garbage-first heap   total reserved 1026048K, committed 65536K, used 54147K [0x00000000c1600000, 0x0000000100000000)
  region size 1024K, 36 young (36864K), 2 survivors (2048K)
 Metaspace       used 45369K, committed 45952K, reserved 1114112K
  class space    used 5799K, committed 6080K, reserved 1048576K
GC Heap History (20 events):
Event: 10.480 GC heap before
{Heap before GC invocations=8 (full 0):
 garbage-first heap   total reserved 1026048K, committed 45056K, used 36475K [0x00000000c1600000, 0x0000000100000000)
  region size 1024K, 26 young (26624K), 2 survivors (2048K)
 Metaspace       used 22694K, committed 22976K, reserved 1114112K
  class space    used 2665K, committed 2816K, reserved 1048576K
}
Event: 10.486 GC heap after
{Heap after GC invocations=9 (full 0):
 garbage-first heap   total reserved 1026048K, committed 45056K, used 14577K [0x00000000c1600000, 0x0000000100000000)
  region size 1024K, 4 young (4096K), 4 survivors (4096K)
 Metaspace       used 22694K, committed 22976K, reserved 1114112K
  class space    used 2665K, committed 2816K, reserved 1048576K
}
Event: 11.058 GC heap before
{Heap before GC invocations=9 (full 0):
 garbage-first heap   total reserved 1026048K, committed 45056K, used 37105K [0x00000000c1600000, 0x0000000100000000)
  region size 1024K, 26 young (26624K), 4 survivors (4096K)
 Metaspace       used 23945K, committed 24256K, reserved 1114112K
  class space    used 2817K, committed 2944K, reserved 1048576K
}
Event: 11.065 GC heap after
{Heap after GC invocations=10 (full 0):
 garbage-first heap   total reserved 1026048K, committed 45056K, used 14768K [0x00000000c1600000, 0x0000000100000000)
  region size 1024K, 3 young (3072K), 3 survivors (3072K)
 Metaspace       used 23945K, committed 24256K, reserved 1114112K
  class space    used 2817K, committed 2944K, reserved 1048576K
}
Event: 11.796 GC heap before
{Heap before GC invocations=10 (full 0):
 garbage-first heap   total reserved 1026048K, committed 45056K, used 38320K [0x00000000c1600000, 0x0000000100000000)
  region size 1024K, 26 young (26624K), 3 survivors (3072K)
 Metaspace       used 25610K, committed 25984K, reserved 1114112K
  class space    used 3048K, committed 3200K, reserved 1048576K
}
Event: 11.802 GC heap after
{Heap after GC invocations=11 (full 0):
 garbage-first heap   total reserved 1026048K, committed 54272K, used 15384K [0x00000000c1600000, 0x0000000100000000)
  region size 1024K, 2 young (2048K), 2 survivors (2048K)
 Metaspace       used 25610K, committed 25984K, reserved 1114112K
  class space    used 3048K, committed 3200K, reserved 1048576K
}
Event: 12.566 GC heap before
{Heap before GC invocations=11 (full 0):
 garbage-first heap   total reserved 1026048K, committed 54272K, used 45080K [0x00000000c1600000, 0x0000000100000000)
  region size 1024K, 31 young (31744K), 2 survivors (2048K)
 Metaspace       used 27658K, committed 28160K, reserved 1114112K
  class space    used 3349K, committed 3584K, reserved 1048576K
}
Event: 12.572 GC heap after
{Heap after GC invocations=12 (full 0):
 garbage-first heap   total reserved 1026048K, committed 54272K, used 16622K [0x00000000c1600000, 0x0000000100000000)
  region size 1024K, 4 young (4096K), 4 survivors (4096K)
 Metaspace       used 27658K, committed 28160K, reserved 1114112K
  class space    used 3349K, committed 3584K, reserved 1048576K
}
Event: 13.223 GC heap before
{Heap before GC invocations=12 (full 0):
 garbage-first heap   total reserved 1026048K, committed 54272K, used 44270K [0x00000000c1600000, 0x0000000100000000)
  region size 1024K, 31 young (31744K), 4 survivors (4096K)
 Metaspace       used 30180K, committed 30656K, reserved 1114112K
  class space    used 3698K, committed 3904K, reserved 1048576K
}
Event: 13.234 GC heap after
{Heap after GC invocations=13 (full 0):
 garbage-first heap   total reserved 1026048K, committed 54272K, used 18502K [0x00000000c1600000, 0x0000000100000000)
  region size 1024K, 4 young (4096K), 4 survivors (4096K)
 Metaspace       used 30180K, committed 30656K, reserved 1114112K
  class space    used 3698K, committed 3904K, reserved 1048576K
}
Event: 13.801 GC heap before
{Heap before GC invocations=13 (full 0):
 garbage-first heap   total reserved 1026048K, committed 54272K, used 44102K [0x00000000c1600000, 0x0000000100000000)
  region size 1024K, 30 young (30720K), 4 survivors (4096K)
 Metaspace       used 32960K, committed 33472K, reserved 1114112K
  class space    used 4056K, committed 4288K, reserved 1048576K
}
Event: 13.809 GC heap after
{Heap after GC invocations=14 (full 0):
 garbage-first heap   total reserved 1026048K, committed 54272K, used 19616K [0x00000000c1600000, 0x0000000100000000)
  region size 1024K, 4 young (4096K), 4 survivors (4096K)
 Metaspace       used 32960K, committed 33472K, reserved 1114112K
  class space    used 4056K, committed 4288K, reserved 1048576K
}
Event: 14.338 GC heap before
{Heap before GC invocations=14 (full 0):
 garbage-first heap   total reserved 1026048K, committed 54272K, used 44192K [0x00000000c1600000, 0x0000000100000000)
  region size 1024K, 29 young (29696K), 4 survivors (4096K)
 Metaspace       used 35045K, committed 35648K, reserved 1114112K
  class space    used 4339K, committed 4608K, reserved 1048576K
}
Event: 14.345 GC heap after
{Heap after GC invocations=15 (full 0):
 garbage-first heap   total reserved 1026048K, committed 54272K, used 20923K [0x00000000c1600000, 0x0000000100000000)
  region size 1024K, 3 young (3072K), 3 survivors (3072K)
 Metaspace       used 35045K, committed 35648K, reserved 1114112K
  class space    used 4339K, committed 4608K, reserved 1048576K
}
Event: 14.406 GC heap before
{Heap before GC invocations=15 (full 0):
 garbage-first heap   total reserved 1026048K, committed 54272K, used 23995K [0x00000000c1600000, 0x0000000100000000)
  region size 1024K, 8 young (8192K), 3 survivors (3072K)
 Metaspace       used 35396K, committed 35968K, reserved 1114112K
  class space    used 4387K, committed 4672K, reserved 1048576K
}
Event: 14.411 GC heap after
{Heap after GC invocations=16 (full 0):
 garbage-first heap   total reserved 1026048K, committed 54272K, used 20767K [0x00000000c1600000, 0x0000000100000000)
  region size 1024K, 2 young (2048K), 2 survivors (2048K)
 Metaspace       used 35396K, committed 35968K, reserved 1114112K
  class space    used 4387K, committed 4672K, reserved 1048576K
}
Event: 14.838 GC heap before
{Heap before GC invocations=17 (full 0):
 garbage-first heap   total reserved 1026048K, committed 54272K, used 45343K [0x00000000c1600000, 0x0000000100000000)
  region size 1024K, 27 young (27648K), 2 survivors (2048K)
 Metaspace       used 37749K, committed 38336K, reserved 1114112K
  class space    used 4775K, committed 5056K, reserved 1048576K
}
Event: 14.842 GC heap after
{Heap after GC invocations=18 (full 0):
 garbage-first heap   total reserved 1026048K, committed 54272K, used 21032K [0x00000000c1600000, 0x0000000100000000)
  region size 1024K, 2 young (2048K), 2 survivors (2048K)
 Metaspace       used 37749K, committed 38336K, reserved 1114112K
  class space    used 4775K, committed 5056K, reserved 1048576K
}
Event: 15.747 GC heap before
{Heap before GC invocations=18 (full 0):
 garbage-first heap   total reserved 1026048K, committed 54272K, used 45608K [0x00000000c1600000, 0x0000000100000000)
  region size 1024K, 27 young (27648K), 2 survivors (2048K)
 Metaspace       used 40052K, committed 40640K, reserved 1114112K
  class space    used 5181K, committed 5440K, reserved 1048576K
}
Event: 15.760 GC heap after
{Heap after GC invocations=19 (full 0):
 garbage-first heap   total reserved 1026048K, committed 65536K, used 21379K [0x00000000c1600000, 0x0000000100000000)
  region size 1024K, 2 young (2048K), 2 survivors (2048K)
 Metaspace       used 40052K, committed 40640K, reserved 1114112K
  class space    used 5181K, committed 5440K, reserved 1048576K
}

